ARM GAS  C:\Users\leone\AppData\Local\Temp\cc9ZVytY.s 			page 1


   1              		.cpu cortex-m4
   2              		.arch armv7e-m
   3              		.fpu fpv4-sp-d16
   4              		.eabi_attribute 27, 1
   5              		.eabi_attribute 28, 1
   6              		.eabi_attribute 20, 1
   7              		.eabi_attribute 21, 1
   8              		.eabi_attribute 23, 3
   9              		.eabi_attribute 24, 1
  10              		.eabi_attribute 25, 1
  11              		.eabi_attribute 26, 1
  12              		.eabi_attribute 30, 1
  13              		.eabi_attribute 34, 1
  14              		.eabi_attribute 18, 4
  15              		.file	"nvic.c"
  16              		.text
  17              	.Ltext0:
  18              		.cfi_sections	.debug_frame
  19              		.file 1 "peripheral/nvic.c"
  20              		.section	.text.enableInterruptIRQn,"ax",%progbits
  21              		.align	1
  22              		.global	enableInterruptIRQn
  23              		.syntax unified
  24              		.thumb
  25              		.thumb_func
  27              	enableInterruptIRQn:
  28              	.LVL0:
  29              	.LFB0:
   1:peripheral/nvic.c **** #include "nvic.h"
   2:peripheral/nvic.c **** 
   3:peripheral/nvic.c **** void enableInterruptIRQn(IRQn_t IRQn)
   4:peripheral/nvic.c **** {
  30              		.loc 1 4 1 view -0
  31              		.cfi_startproc
  32              		@ args = 0, pretend = 0, frame = 0
  33              		@ frame_needed = 0, uses_anonymous_args = 0
  34              		@ link register save eliminated.
   5:peripheral/nvic.c ****      NVIC->ISER[(((uint32_t)IRQn) >> 5UL)] = (uint32_t)(1UL << (((uint32_t)IRQn) & 0x1FUL));
  35              		.loc 1 5 6 view .LVU1
  36              		.loc 1 5 82 is_stmt 0 view .LVU2
  37 0000 00F01F02 		and	r2, r0, #31
  38              		.loc 1 5 35 view .LVU3
  39 0004 4009     		lsrs	r0, r0, #5
  40              	.LVL1:
  41              		.loc 1 5 46 view .LVU4
  42 0006 0123     		movs	r3, #1
  43 0008 9340     		lsls	r3, r3, r2
  44              		.loc 1 5 44 view .LVU5
  45 000a 024A     		ldr	r2, .L2
  46 000c 42F82030 		str	r3, [r2, r0, lsl #2]
   6:peripheral/nvic.c **** }...
  47              		.loc 1 6 1 view .LVU6
  48 0010 7047     		bx	lr
  49              	.L3:
  50 0012 00BF     		.align	2
  51              	.L2:
  52 0014 00E100E0 		.word	-536813312
ARM GAS  C:\Users\leone\AppData\Local\Temp\cc9ZVytY.s 			page 2


  53              		.cfi_endproc
  54              	.LFE0:
  56              		.text
  57              	.Letext0:
  58              		.file 2 "C:/Program Files (x86)/Arm GNU Toolchain arm-none-eabi/13.2 Rel1/arm-none-eabi/include/ma
  59              		.file 3 "C:/Program Files (x86)/Arm GNU Toolchain arm-none-eabi/13.2 Rel1/arm-none-eabi/include/sy
  60              		.file 4 "Inc/irqn.h"
  61              		.file 5 "Inc/nvic.h"
ARM GAS  C:\Users\leone\AppData\Local\Temp\cc9ZVytY.s 			page 3


DEFINED SYMBOLS
                            *ABS*:00000000 nvic.c
C:\Users\leone\AppData\Local\Temp\cc9ZVytY.s:21     .text.enableInterruptIRQn:00000000 $t
C:\Users\leone\AppData\Local\Temp\cc9ZVytY.s:27     .text.enableInterruptIRQn:00000000 enableInterruptIRQn
C:\Users\leone\AppData\Local\Temp\cc9ZVytY.s:52     .text.enableInterruptIRQn:00000014 $d

NO UNDEFINED SYMBOLS
